[debug] [2022-08-30T01:04:05.328Z] ----------------------------------------------------------------------
[debug] [2022-08-30T01:04:05.330Z] Command:       C:\Program Files\nodejs\node.exe C:\Users\jalas\AppData\Roaming\npm\node_modules\firebase-tools\lib\bin\firebase.js serve
[debug] [2022-08-30T01:04:05.330Z] CLI Version:   11.8.0
[debug] [2022-08-30T01:04:05.331Z] Platform:      win32
[debug] [2022-08-30T01:04:05.331Z] Node Version:  v16.14.0
[debug] [2022-08-30T01:04:05.332Z] Time:          Mon Aug 29 2022 18:04:05 GMT-0700 (Pacific Daylight Time)
[debug] [2022-08-30T01:04:05.332Z] ----------------------------------------------------------------------
[debug] 
[debug] [2022-08-30T01:04:05.496Z] Object "" in "firebase.json" has unknown property: {"additionalProperty":"rewrites"}
[debug] [2022-08-30T01:04:05.506Z] > command requires scopes: ["email","openid","https://www.googleapis.com/auth/cloudplatformprojects.readonly","https://www.googleapis.com/auth/firebase","https://www.googleapis.com/auth/cloud-platform"]
[debug] [2022-08-30T01:04:05.507Z] > authorizing via signed-in user (justin.rusit@gmail.com)
[debug] [2022-08-30T01:04:05.507Z] [iam] checking project space-zoologist-backend for permissions ["firebase.projects.get"]
[debug] [2022-08-30T01:04:05.510Z] >>> [apiv2][query] POST https://cloudresourcemanager.googleapis.com/v1/projects/space-zoologist-backend:testIamPermissions [none]
[debug] [2022-08-30T01:04:05.510Z] >>> [apiv2][(partial)header] POST https://cloudresourcemanager.googleapis.com/v1/projects/space-zoologist-backend:testIamPermissions x-goog-quota-user=projects/space-zoologist-backend
[debug] [2022-08-30T01:04:05.511Z] >>> [apiv2][body] POST https://cloudresourcemanager.googleapis.com/v1/projects/space-zoologist-backend:testIamPermissions {"permissions":["firebase.projects.get"]}
[debug] [2022-08-30T01:04:05.722Z] <<< [apiv2][status] POST https://cloudresourcemanager.googleapis.com/v1/projects/space-zoologist-backend:testIamPermissions 200
[debug] [2022-08-30T01:04:05.722Z] <<< [apiv2][body] POST https://cloudresourcemanager.googleapis.com/v1/projects/space-zoologist-backend:testIamPermissions {"permissions":["firebase.projects.get"]}
[debug] [2022-08-30T01:04:05.723Z] >>> [apiv2][query] GET https://firebase.googleapis.com/v1beta1/projects/space-zoologist-backend [none]
[debug] [2022-08-30T01:04:06.035Z] <<< [apiv2][status] GET https://firebase.googleapis.com/v1beta1/projects/space-zoologist-backend 200
[debug] [2022-08-30T01:04:06.035Z] <<< [apiv2][body] GET https://firebase.googleapis.com/v1beta1/projects/space-zoologist-backend {"projectId":"space-zoologist-backend","projectNumber":"360731307269","displayName":"Space Zoologist Backend","name":"projects/space-zoologist-backend","resources":{"hostingSite":"space-zoologist-backend"},"state":"ACTIVE","etag":"1_69bb9576-7df3-4971-8fbd-9abbe8604f72"}
[info] 
[info] === Serving from 'C:\Users\jalas\OneDrive\Documents\UCD\Space-Zoologist\Backend Server'...
[info] 
[debug] [2022-08-30T01:04:06.045Z] >>> [apiv2][query] GET https://firebasehosting.googleapis.com/v1beta1/projects/space-zoologist-backend/sites 
[info] +  functions: Using node@16 from host. {"metadata":{"emulator":{"name":"functions"},"message":"Using node@16 from host."}}
[debug] [2022-08-30T01:04:06.107Z] defaultcredentials: writing to file C:\Users\jalas\AppData\Roaming\firebase\justin_rusit_gmail.com_application_default_credentials.json
[debug] [2022-08-30T01:04:06.112Z] Setting GAC to C:\Users\jalas\AppData\Roaming\firebase\justin_rusit_gmail.com_application_default_credentials.json {"metadata":{"emulator":{"name":"functions"},"message":"Setting GAC to C:\\Users\\jalas\\AppData\\Roaming\\firebase\\justin_rusit_gmail.com_application_default_credentials.json"}}
[debug] [2022-08-30T01:04:06.114Z] >>> [apiv2][query] GET https://firebase.googleapis.com/v1beta1/projects/space-zoologist-backend/adminSdkConfig [none]
[debug] [2022-08-30T01:04:06.527Z] <<< [apiv2][status] GET https://firebase.googleapis.com/v1beta1/projects/space-zoologist-backend/adminSdkConfig 200
[debug] [2022-08-30T01:04:06.527Z] <<< [apiv2][body] GET https://firebase.googleapis.com/v1beta1/projects/space-zoologist-backend/adminSdkConfig {"projectId":"space-zoologist-backend","storageBucket":"space-zoologist-backend.appspot.com"}
[debug] [2022-08-30T01:04:06.676Z] <<< [apiv2][status] GET https://firebasehosting.googleapis.com/v1beta1/projects/space-zoologist-backend/sites 200
[debug] [2022-08-30T01:04:06.676Z] <<< [apiv2][body] GET https://firebasehosting.googleapis.com/v1beta1/projects/space-zoologist-backend/sites {"sites":[{"name":"projects/space-zoologist-backend/sites/space-zoologist-backend","defaultUrl":"https://space-zoologist-backend.web.app","type":"DEFAULT_SITE"}]}
[debug] [2022-08-30T01:04:06.678Z] >>> [apiv2][query] GET https://firebase.googleapis.com/v1beta1/projects/space-zoologist-backend/webApps/-/config [none]
[debug] [2022-08-30T01:04:07.057Z] <<< [apiv2][status] GET https://firebase.googleapis.com/v1beta1/projects/space-zoologist-backend/webApps/-/config 200
[debug] [2022-08-30T01:04:07.057Z] <<< [apiv2][body] GET https://firebase.googleapis.com/v1beta1/projects/space-zoologist-backend/webApps/-/config {"projectId":"space-zoologist-backend","storageBucket":"space-zoologist-backend.appspot.com","apiKey":"AIzaSyBxNbxMUf_T-S4olfegLzT4_lgfRlAlhU0","authDomain":"space-zoologist-backend.firebaseapp.com","messagingSenderId":"360731307269"}
[info] i  functions: Watching "C:\Users\jalas\OneDrive\Documents\UCD\Space-Zoologist\Backend Server\functions" for Cloud Functions... {"metadata":{"emulator":{"name":"functions"},"message":"Watching \"C:\\Users\\jalas\\OneDrive\\Documents\\UCD\\Space-Zoologist\\Backend Server\\functions\" for Cloud Functions..."}}
[info] i  hosting: Serving hosting files from: public {"metadata":{"emulator":{"name":"hosting"},"message":"Serving hosting files from: \u001b[1mpublic\u001b[22m"}}
[info] +  hosting: Local server: http://localhost:5000 {"metadata":{"emulator":{"name":"hosting"},"message":"Local server: \u001b[4m\u001b[1mhttp://localhost:5000\u001b[22m\u001b[24m"}}
[debug] [2022-08-30T01:04:07.106Z] Validating nodejs source
[debug] [2022-08-30T01:04:11.361Z] > [functions] package.json contents: {
  "name": "functions",
  "description": "Cloud Functions for Firebase",
  "scripts": {
    "lint": "eslint .",
    "serve": "firebase emulators:start --only functions",
    "shell": "firebase functions:shell",
    "start": "npm run shell",
    "deploy": "firebase deploy --only functions",
    "logs": "firebase functions:log"
  },
  "engines": {
    "node": "16"
  },
  "main": "index.js",
  "dependencies": {
    "firebase-admin": "^10.0.2",
    "firebase-functions": "^3.18.0"
  },
  "devDependencies": {
    "eslint": "^8.9.0",
    "eslint-config-google": "^0.14.0",
    "firebase-functions-test": "^0.2.0"
  },
  "private": true
}
[debug] [2022-08-30T01:04:11.362Z] Building nodejs source
[debug] [2022-08-30T01:04:11.362Z] Analyzing nodejs backend spec
[debug] [2022-08-30T01:04:11.363Z] Could not find functions.yaml. Must use http discovery
[debug] [2022-08-30T01:04:11.862Z] Serving at port 9005

[debug] [2022-08-30T01:04:12.767Z] Got response from /__/functions.yaml {"endpoints":{"app":{"platform":"gcfv1","httpsTrigger":{},"entryPoint":"app"}},"specVersion":"v1alpha1","requiredAPIs":[]}
[debug] [2022-08-30T01:04:12.773Z] shutdown requested via /__/quitquitquit

[info] +  functions: Loaded functions definitions from source: app. {"metadata":{"emulator":{"name":"functions"},"message":"Loaded functions definitions from source: app."}}
[info] +  functions[us-central1-app]: http function initialized (http://localhost:5001/space-zoologist-backend/us-central1/app). {"metadata":{"emulator":{"name":"functions"},"message":"\u001b[1mhttp\u001b[22m function initialized (http://localhost:5001/space-zoologist-backend/us-central1/app)."}}
[debug] [2022-08-30T01:05:34.317Z] [work-queue] {"queueLength":1,"workRunningCount":0}
[debug] [2022-08-30T01:05:34.317Z] [work-queue] {"queueLength":0,"workRunningCount":1}
[debug] [2022-08-30T01:05:34.318Z] Accepted request GET /space-zoologist-backend/us-central1/app --> us-central1-app
[debug] [2022-08-30T01:05:34.329Z] [worker-pool] addWorker(us-central1-app) {"metadata":{"emulator":{"name":"functions"},"message":"[worker-pool] addWorker(us-central1-app)"}}
[debug] [2022-08-30T01:05:34.330Z] [worker-pool] Adding worker with key us-central1-app, total=1 {"metadata":{"emulator":{"name":"functions"},"message":"[worker-pool] Adding worker with key us-central1-app, total=1"}}
[debug] [2022-08-30T01:05:34.330Z] [worker-pool] submitWork(triggerId=us-central1-app) {"metadata":{"emulator":{"name":"functions"},"message":"[worker-pool] submitWork(triggerId=us-central1-app)"}}
[debug] [2022-08-30T01:05:34.331Z] [worker-us-central1-app-174f75a4-63ab-4993-a8f7-8f472b4746c7]: BUSY {"metadata":{"emulator":{"name":"functions"},"message":"[worker-us-central1-app-174f75a4-63ab-4993-a8f7-8f472b4746c7]: BUSY"}}
[debug] [2022-08-30T01:05:36.525Z] [runtime-status] [14332] Resolved module firebase-admin {"declared":true,"installed":true,"version":"10.3.0","resolution":"C:\\Users\\jalas\\OneDrive\\Documents\\UCD\\Space-Zoologist\\Backend Server\\functions\\node_modules\\firebase-admin\\lib\\index.js"} {"metadata":{"emulator":{"name":"functions"},"function":{"name":"us-central1-app"},"extension":{},"message":"[runtime-status] [14332] Resolved module firebase-admin {\"declared\":true,\"installed\":true,\"version\":\"10.3.0\",\"resolution\":\"C:\\\\Users\\\\jalas\\\\OneDrive\\\\Documents\\\\UCD\\\\Space-Zoologist\\\\Backend Server\\\\functions\\\\node_modules\\\\firebase-admin\\\\lib\\\\index.js\"}"}}
[debug] [2022-08-30T01:05:36.526Z] [runtime-status] [14332] Resolved module firebase-functions {"declared":true,"installed":true,"version":"3.22.0","resolution":"C:\\Users\\jalas\\OneDrive\\Documents\\UCD\\Space-Zoologist\\Backend Server\\functions\\node_modules\\firebase-functions\\lib\\index.js"} {"metadata":{"emulator":{"name":"functions"},"function":{"name":"us-central1-app"},"extension":{},"message":"[runtime-status] [14332] Resolved module firebase-functions {\"declared\":true,\"installed\":true,\"version\":\"3.22.0\",\"resolution\":\"C:\\\\Users\\\\jalas\\\\OneDrive\\\\Documents\\\\UCD\\\\Space-Zoologist\\\\Backend Server\\\\functions\\\\node_modules\\\\firebase-functions\\\\lib\\\\index.js\"}"}}
[debug] [2022-08-30T01:05:36.527Z] [runtime-status] [14332] Outgoing network have been stubbed. [{"name":"http","status":"mocked"},{"name":"http","status":"mocked"},{"name":"https","status":"mocked"},{"name":"https","status":"mocked"},{"name":"net","status":"mocked"}] {"metadata":{"emulator":{"name":"functions"},"function":{"name":"us-central1-app"},"extension":{},"message":"[runtime-status] [14332] Outgoing network have been stubbed. [{\"name\":\"http\",\"status\":\"mocked\"},{\"name\":\"http\",\"status\":\"mocked\"},{\"name\":\"https\",\"status\":\"mocked\"},{\"name\":\"https\",\"status\":\"mocked\"},{\"name\":\"net\",\"status\":\"mocked\"}]"}}
[debug] [2022-08-30T01:05:36.530Z] [runtime-status] [14332] Resolved module firebase-functions {"declared":true,"installed":true,"version":"3.22.0","resolution":"C:\\Users\\jalas\\OneDrive\\Documents\\UCD\\Space-Zoologist\\Backend Server\\functions\\node_modules\\firebase-functions\\lib\\index.js"} {"metadata":{"emulator":{"name":"functions"},"function":{"name":"us-central1-app"},"extension":{},"message":"[runtime-status] [14332] Resolved module firebase-functions {\"declared\":true,\"installed\":true,\"version\":\"3.22.0\",\"resolution\":\"C:\\\\Users\\\\jalas\\\\OneDrive\\\\Documents\\\\UCD\\\\Space-Zoologist\\\\Backend Server\\\\functions\\\\node_modules\\\\firebase-functions\\\\lib\\\\index.js\"}"}}
[debug] [2022-08-30T01:05:36.666Z] [runtime-status] [14332] Checked functions.config() {"config":{}} {"metadata":{"emulator":{"name":"functions"},"function":{"name":"us-central1-app"},"extension":{},"message":"[runtime-status] [14332] Checked functions.config() {\"config\":{}}"}}
[debug] [2022-08-30T01:05:36.666Z] [runtime-status] [14332] firebase-functions has been stubbed. {"functionsResolution":{"declared":true,"installed":true,"version":"3.22.0","resolution":"C:\\Users\\jalas\\OneDrive\\Documents\\UCD\\Space-Zoologist\\Backend Server\\functions\\node_modules\\firebase-functions\\lib\\index.js"}} {"metadata":{"emulator":{"name":"functions"},"function":{"name":"us-central1-app"},"extension":{},"message":"[runtime-status] [14332] firebase-functions has been stubbed. {\"functionsResolution\":{\"declared\":true,\"installed\":true,\"version\":\"3.22.0\",\"resolution\":\"C:\\\\Users\\\\jalas\\\\OneDrive\\\\Documents\\\\UCD\\\\Space-Zoologist\\\\Backend Server\\\\functions\\\\node_modules\\\\firebase-functions\\\\lib\\\\index.js\"}}"}}
[debug] [2022-08-30T01:05:36.668Z] [runtime-status] [14332] Resolved module firebase-functions {"declared":true,"installed":true,"version":"3.22.0","resolution":"C:\\Users\\jalas\\OneDrive\\Documents\\UCD\\Space-Zoologist\\Backend Server\\functions\\node_modules\\firebase-functions\\lib\\index.js"} {"metadata":{"emulator":{"name":"functions"},"function":{"name":"us-central1-app"},"extension":{},"message":"[runtime-status] [14332] Resolved module firebase-functions {\"declared\":true,\"installed\":true,\"version\":\"3.22.0\",\"resolution\":\"C:\\\\Users\\\\jalas\\\\OneDrive\\\\Documents\\\\UCD\\\\Space-Zoologist\\\\Backend Server\\\\functions\\\\node_modules\\\\firebase-functions\\\\lib\\\\index.js\"}"}}
[debug] [2022-08-30T01:05:36.670Z] [runtime-status] [14332] Resolved module firebase-admin {"declared":true,"installed":true,"version":"10.3.0","resolution":"C:\\Users\\jalas\\OneDrive\\Documents\\UCD\\Space-Zoologist\\Backend Server\\functions\\node_modules\\firebase-admin\\lib\\index.js"} {"metadata":{"emulator":{"name":"functions"},"function":{"name":"us-central1-app"},"extension":{},"message":"[runtime-status] [14332] Resolved module firebase-admin {\"declared\":true,\"installed\":true,\"version\":\"10.3.0\",\"resolution\":\"C:\\\\Users\\\\jalas\\\\OneDrive\\\\Documents\\\\UCD\\\\Space-Zoologist\\\\Backend Server\\\\functions\\\\node_modules\\\\firebase-admin\\\\lib\\\\index.js\"}"}}
[debug] [2022-08-30T01:05:36.672Z] [runtime-status] [14332] Resolved module firebase-functions {"declared":true,"installed":true,"version":"3.22.0","resolution":"C:\\Users\\jalas\\OneDrive\\Documents\\UCD\\Space-Zoologist\\Backend Server\\functions\\node_modules\\firebase-functions\\lib\\index.js"} {"metadata":{"emulator":{"name":"functions"},"function":{"name":"us-central1-app"},"extension":{},"message":"[runtime-status] [14332] Resolved module firebase-functions {\"declared\":true,\"installed\":true,\"version\":\"3.22.0\",\"resolution\":\"C:\\\\Users\\\\jalas\\\\OneDrive\\\\Documents\\\\UCD\\\\Space-Zoologist\\\\Backend Server\\\\functions\\\\node_modules\\\\firebase-functions\\\\lib\\\\index.js\"}"}}
[debug] [2022-08-30T01:05:36.674Z] [runtime-status] [14332] firebase-admin has been stubbed. {"adminResolution":{"declared":true,"installed":true,"version":"10.3.0","resolution":"C:\\Users\\jalas\\OneDrive\\Documents\\UCD\\Space-Zoologist\\Backend Server\\functions\\node_modules\\firebase-admin\\lib\\index.js"}} {"metadata":{"emulator":{"name":"functions"},"function":{"name":"us-central1-app"},"extension":{},"message":"[runtime-status] [14332] firebase-admin has been stubbed. {\"adminResolution\":{\"declared\":true,\"installed\":true,\"version\":\"10.3.0\",\"resolution\":\"C:\\\\Users\\\\jalas\\\\OneDrive\\\\Documents\\\\UCD\\\\Space-Zoologist\\\\Backend Server\\\\functions\\\\node_modules\\\\firebase-admin\\\\lib\\\\index.js\"}}"}}
[debug] [2022-08-30T01:05:36.674Z] [runtime-status] [14332] Functions runtime initialized. {"cwd":"C:\\Users\\jalas\\OneDrive\\Documents\\UCD\\Space-Zoologist\\Backend Server\\functions","node_version":"16.14.0"} {"metadata":{"emulator":{"name":"functions"},"function":{"name":"us-central1-app"},"extension":{},"message":"[runtime-status] [14332] Functions runtime initialized. {\"cwd\":\"C:\\\\Users\\\\jalas\\\\OneDrive\\\\Documents\\\\UCD\\\\Space-Zoologist\\\\Backend Server\\\\functions\",\"node_version\":\"16.14.0\"}"}}
[debug] [2022-08-30T01:05:37.466Z] [runtime-status] [14332] Beginning invocation function app! {"metadata":{"emulator":{"name":"functions"},"function":{"name":"us-central1-app"},"extension":{},"message":"[runtime-status] [14332] Beginning invocation function app!"}}
[info] i  functions: Beginning execution of "app" {"metadata":{"emulator":{"name":"functions"},"function":{"name":"us-central1-app"},"extension":{},"message":"Beginning execution of \"app\""}}
[debug] [2022-08-30T01:05:37.467Z] [runtime-status] [14332] Running app in signature http {"metadata":{"emulator":{"name":"functions"},"function":{"name":"us-central1-app"},"extension":{},"message":"[runtime-status] [14332] Running app in signature http"}}
[debug] [2022-08-30T01:05:37.477Z] [runtime-status] [14332] Listening to port: \\?\pipe\fire_emu_f8e5b2a4b0d99208 {"metadata":{"emulator":{"name":"functions"},"function":{"name":"us-central1-app"},"extension":{},"message":"[runtime-status] [14332] Listening to port: \\\\?\\pipe\\fire_emu_f8e5b2a4b0d99208"}}
[debug] [2022-08-30T01:05:37.539Z] [functions] Runtime ready! Sending request! {"metadata":{"emulator":{"name":"functions"},"message":"[functions] Runtime ready! Sending request!"}}
[debug] [2022-08-30T01:05:37.540Z] [functions] Got req.url=/space-zoologist-backend/us-central1/app, mapping to path=/ {"metadata":{"emulator":{"name":"functions"},"message":"[functions] Got req.url=/space-zoologist-backend/us-central1/app, mapping to path=/"}}
[debug] [2022-08-30T01:05:37.558Z] [runtime-status] [14332] Ephemeral server handling GET request {"metadata":{"emulator":{"name":"functions"},"function":{"name":"us-central1-app"},"extension":{},"message":"[runtime-status] [14332] Ephemeral server handling GET request"}}
[debug] [2022-08-30T01:05:37.572Z] [runtime-status] [14332] Ephemeral server survived. {"metadata":{"emulator":{"name":"functions"},"function":{"name":"us-central1-app"},"extension":{},"message":"[runtime-status] [14332] Ephemeral server survived."}}
[info] i  functions: Finished "app" in ~10s {"metadata":{"emulator":{"name":"functions"},"function":{"name":"us-central1-app"},"extension":{},"message":"Finished \"app\" in ~10s"}}
[debug] [2022-08-30T01:05:47.592Z] [worker-us-central1-app-174f75a4-63ab-4993-a8f7-8f472b4746c7]: IDLE {"metadata":{"emulator":{"name":"functions"},"message":"[worker-us-central1-app-174f75a4-63ab-4993-a8f7-8f472b4746c7]: IDLE"}}
[debug] [2022-08-30T01:05:47.592Z] [work-queue] {"queueLength":0,"workRunningCount":0}
[debug] [2022-08-30T01:05:55.082Z] Functions emulator received unknown request at path /space-zoologist-backend
[info] >  node:events:498 {"user":"node:events:498\r","metadata":{"emulator":{"name":"functions"},"function":{"name":"us-central1-app"},"extension":{},"message":"\u001b[90m> \u001b[39m node:events:498\r"}}
[info] >        throw er; // Unhandled 'error' event {"user":"      throw er; // Unhandled 'error' event\r","metadata":{"emulator":{"name":"functions"},"function":{"name":"us-central1-app"},"extension":{},"message":"\u001b[90m> \u001b[39m       throw er; // Unhandled 'error' event\r"}}
[info] >        ^ {"user":"      ^\r","metadata":{"emulator":{"name":"functions"},"function":{"name":"us-central1-app"},"extension":{},"message":"\u001b[90m> \u001b[39m       ^\r"}}
[info] >   {"user":"\r","metadata":{"emulator":{"name":"functions"},"function":{"name":"us-central1-app"},"extension":{},"message":"\u001b[90m> \u001b[39m \r"}}
[info] >  Error [ERR_HTTP_HEADERS_SENT]: Cannot set headers after they are sent to the client {"user":"Error [ERR_HTTP_HEADERS_SENT]: Cannot set headers after they are sent to the client\r","metadata":{"emulator":{"name":"functions"},"function":{"name":"us-central1-app"},"extension":{},"message":"\u001b[90m> \u001b[39m Error [ERR_HTTP_HEADERS_SENT]: Cannot set headers after they are sent to the client\r"}}
[info] >      at new NodeError (node:internal/errors:371:5) {"user":"    at new NodeError (node:internal/errors:371:5)\r","metadata":{"emulator":{"name":"functions"},"function":{"name":"us-central1-app"},"extension":{},"message":"\u001b[90m> \u001b[39m     at new NodeError (node:internal/errors:371:5)\r"}}
[info] >      at ServerResponse.setHeader (node:_http_outgoing:576:11) {"user":"    at ServerResponse.setHeader (node:_http_outgoing:576:11)\r","metadata":{"emulator":{"name":"functions"},"function":{"name":"us-central1-app"},"extension":{},"message":"\u001b[90m> \u001b[39m     at ServerResponse.setHeader (node:_http_outgoing:576:11)\r"}}
[info] >      at ServerResponse.header (C:\Users\jalas\OneDrive\Documents\UCD\Space-Zoologist\Backend Server\functions\node_modules\express\lib\response.js:794:10) {"user":"    at ServerResponse.header (C:\\Users\\jalas\\OneDrive\\Documents\\UCD\\Space-Zoologist\\Backend Server\\functions\\node_modules\\express\\lib\\response.js:794:10)\r","metadata":{"emulator":{"name":"functions"},"function":{"name":"us-central1-app"},"extension":{},"message":"\u001b[90m> \u001b[39m     at ServerResponse.header (C:\\Users\\jalas\\OneDrive\\Documents\\UCD\\Space-Zoologist\\Backend Server\\functions\\node_modules\\express\\lib\\response.js:794:10)\r"}}
[info] >      at ServerResponse.json (C:\Users\jalas\OneDrive\Documents\UCD\Space-Zoologist\Backend Server\functions\node_modules\express\lib\response.js:275:10) {"user":"    at ServerResponse.json (C:\\Users\\jalas\\OneDrive\\Documents\\UCD\\Space-Zoologist\\Backend Server\\functions\\node_modules\\express\\lib\\response.js:275:10)\r","metadata":{"emulator":{"name":"functions"},"function":{"name":"us-central1-app"},"extension":{},"message":"\u001b[90m> \u001b[39m     at ServerResponse.json (C:\\Users\\jalas\\OneDrive\\Documents\\UCD\\Space-Zoologist\\Backend Server\\functions\\node_modules\\express\\lib\\response.js:275:10)\r"}}
[info] >      at ServerResponse.send (C:\Users\jalas\OneDrive\Documents\UCD\Space-Zoologist\Backend Server\functions\node_modules\express\lib\response.js:162:21) {"user":"    at ServerResponse.send (C:\\Users\\jalas\\OneDrive\\Documents\\UCD\\Space-Zoologist\\Backend Server\\functions\\node_modules\\express\\lib\\response.js:162:21)\r","metadata":{"emulator":{"name":"functions"},"function":{"name":"us-central1-app"},"extension":{},"message":"\u001b[90m> \u001b[39m     at ServerResponse.send (C:\\Users\\jalas\\OneDrive\\Documents\\UCD\\Space-Zoologist\\Backend Server\\functions\\node_modules\\express\\lib\\response.js:162:21)\r"}}
[info] >      at C:\Users\jalas\OneDrive\Documents\UCD\Space-Zoologist\Backend Server\functions\index.js:78:20 {"user":"    at C:\\Users\\jalas\\OneDrive\\Documents\\UCD\\Space-Zoologist\\Backend Server\\functions\\index.js:78:20\r","metadata":{"emulator":{"name":"functions"},"function":{"name":"us-central1-app"},"extension":{},"message":"\u001b[90m> \u001b[39m     at C:\\Users\\jalas\\OneDrive\\Documents\\UCD\\Space-Zoologist\\Backend Server\\functions\\index.js:78:20\r"}}
[info] >      at C:\Users\jalas\OneDrive\Documents\UCD\Space-Zoologist\Backend Server\node_modules\mongoose\lib\model.js:5068:18 {"user":"    at C:\\Users\\jalas\\OneDrive\\Documents\\UCD\\Space-Zoologist\\Backend Server\\node_modules\\mongoose\\lib\\model.js:5068:18\r","metadata":{"emulator":{"name":"functions"},"function":{"name":"us-central1-app"},"extension":{},"message":"\u001b[90m> \u001b[39m     at C:\\Users\\jalas\\OneDrive\\Documents\\UCD\\Space-Zoologist\\Backend Server\\node_modules\\mongoose\\lib\\model.js:5068:18\r"}}
[info] >      at processTicksAndRejections (node:internal/process/task_queues:78:11) {"user":"    at processTicksAndRejections (node:internal/process/task_queues:78:11)\r","metadata":{"emulator":{"name":"functions"},"function":{"name":"us-central1-app"},"extension":{},"message":"\u001b[90m> \u001b[39m     at processTicksAndRejections (node:internal/process/task_queues:78:11)\r"}}
[info] >  Emitted 'error' event on Function instance at: {"user":"Emitted 'error' event on Function instance at:\r","metadata":{"emulator":{"name":"functions"},"function":{"name":"us-central1-app"},"extension":{},"message":"\u001b[90m> \u001b[39m Emitted 'error' event on Function instance at:\r"}}
[info] >      at C:\Users\jalas\OneDrive\Documents\UCD\Space-Zoologist\Backend Server\node_modules\mongoose\lib\model.js:5070:15 {"user":"    at C:\\Users\\jalas\\OneDrive\\Documents\\UCD\\Space-Zoologist\\Backend Server\\node_modules\\mongoose\\lib\\model.js:5070:15\r","metadata":{"emulator":{"name":"functions"},"function":{"name":"us-central1-app"},"extension":{},"message":"\u001b[90m> \u001b[39m     at C:\\Users\\jalas\\OneDrive\\Documents\\UCD\\Space-Zoologist\\Backend Server\\node_modules\\mongoose\\lib\\model.js:5070:15\r"}}
[info] >      at processTicksAndRejections (node:internal/process/task_queues:78:11) { {"user":"    at processTicksAndRejections (node:internal/process/task_queues:78:11) {\r","metadata":{"emulator":{"name":"functions"},"function":{"name":"us-central1-app"},"extension":{},"message":"\u001b[90m> \u001b[39m     at processTicksAndRejections (node:internal/process/task_queues:78:11) {\r"}}
[info] >    code: 'ERR_HTTP_HEADERS_SENT' {"user":"  code: 'ERR_HTTP_HEADERS_SENT'\r","metadata":{"emulator":{"name":"functions"},"function":{"name":"us-central1-app"},"extension":{},"message":"\u001b[90m> \u001b[39m   code: 'ERR_HTTP_HEADERS_SENT'\r"}}
[info] >  } {"user":"}\r","metadata":{"emulator":{"name":"functions"},"function":{"name":"us-central1-app"},"extension":{},"message":"\u001b[90m> \u001b[39m }\r"}}
[debug] [2022-08-30T01:05:57.641Z] [worker-us-central1-app-174f75a4-63ab-4993-a8f7-8f472b4746c7]: exited {"metadata":{"emulator":{"name":"functions"},"message":"[worker-us-central1-app-174f75a4-63ab-4993-a8f7-8f472b4746c7]: exited"}}
[debug] [2022-08-30T01:05:57.641Z] [worker-us-central1-app-174f75a4-63ab-4993-a8f7-8f472b4746c7]: FINISHED {"metadata":{"emulator":{"name":"functions"},"message":"[worker-us-central1-app-174f75a4-63ab-4993-a8f7-8f472b4746c7]: FINISHED"}}
